platforms/android/app/build/outputs/logs/manifest-merger-debug-report.txt
-- Merging decision tree log ---
manifest
ADDED from src/main/AndroidManifest.xml:2:1-31:12
INJECTED from src/main/AndroidManifest.xml:2:1-31:12
INJECTED from src/main/AndroidManifest.xml:2:1-31:12
INJECTED from src/main/AndroidManifest.xml:2:1-31:12
MERGED from [:CordovaLib] AndroidManifest.xml:20:1-27:12
INJECTED from src/main/AndroidManifest.xml:2:1-31:12
INJECTED from src/main/AndroidManifest.xml:2:1-31:12
INJECTED from src/main/AndroidManifest.xml:2:1-31:12
	package
		ADDED from src/main/AndroidManifest.xml:2:102-127
		INJECTED from src/main/AndroidManifest.xml
		INJECTED from src/main/AndroidManifest.xml
	android:versionName
		ADDED from src/main/AndroidManifest.xml:2:74-101
		INJECTED from src/main/AndroidManifest.xml
		INJECTED from src/main/AndroidManifest.xml
	android:hardwareAccelerated
		ADDED from src/main/AndroidManifest.xml:2:11-45
	xmlns:android
		ADDED from src/main/AndroidManifest.xml:2:128-186
	android:versionCode
		ADDED from src/main/AndroidManifest.xml:2:46-73
		INJECTED from src/main/AndroidManifest.xml
		INJECTED from src/main/AndroidManifest.xml
supports-screens
ADDED from src/main/AndroidManifest.xml:3:5-191
	android:largeScreens
		ADDED from src/main/AndroidManifest.xml:3:49-76
	android:smallScreens
		ADDED from src/main/AndroidManifest.xml:3:132-159
	android:normalScreens
		ADDED from src/main/AndroidManifest.xml:3:77-105
	android:xlargeScreens
		ADDED from src/main/AndroidManifest.xml:3:160-188
	android:resizeable
		ADDED from src/main/AndroidManifest.xml:3:106-131
	android:anyDensity
		ADDED from src/main/AndroidManifest.xml:3:23-48
uses-permission#android.permission.INTERNET
ADDED from src/main/AndroidManifest.xml:4:5-67
	android:name
		ADDED from src/main/AndroidManifest.xml:4:22-64
application
ADDED from src/main/AndroidManifest.xml:5:5-22:19
	android:supportsRtl
		ADDED from src/main/AndroidManifest.xml:5:114-140
	android:label
		ADDED from src/main/AndroidManifest.xml:5:81-113
	android:hardwareAccelerated
		ADDED from src/main/AndroidManifest.xml:5:18-52
	android:icon
		ADDED from src/main/AndroidManifest.xml:5:53-80
activity#org.cordova.plugin.labs.kiosk.KioskActivity
ADDED from src/main/AndroidManifest.xml:6:9-16:20
	android:label
		ADDED from src/main/AndroidManifest.xml:6:125-162
	android:launchMode
		ADDED from src/main/AndroidManifest.xml:6:163-193
	android:windowSoftInputMode
		ADDED from src/main/AndroidManifest.xml:6:316-358
	android:keepScreenOn
		ADDED from src/main/AndroidManifest.xml:6:97-124
	android:configChanges
		ADDED from src/main/AndroidManifest.xml:6:19-96
	android:theme
		ADDED from src/main/AndroidManifest.xml:6:253-315
	android:name
		ADDED from src/main/AndroidManifest.xml:6:194-252
intent-filter#android.intent.action.MAIN+android.intent.category.LAUNCHER
ADDED from src/main/AndroidManifest.xml:7:13-10:29
	android:label
		ADDED from src/main/AndroidManifest.xml:7:28-65
action#android.intent.action.MAIN
ADDED from src/main/AndroidManifest.xml:8:17-69
	android:name
		ADDED from src/main/AndroidManifest.xml:8:25-66
category#android.intent.category.LAUNCHER
ADDED from src/main/AndroidManifest.xml:9:17-77
	android:name
		ADDED from src/main/AndroidManifest.xml:9:27-74
intent-filter#android.intent.action.MAIN+android.intent.category.DEFAULT+android.intent.category.HOME
ADDED from src/main/AndroidManifest.xml:11:13-15:29
category#android.intent.category.DEFAULT
ADDED from src/main/AndroidManifest.xml:13:17-76
	android:name
		ADDED from src/main/AndroidManifest.xml:13:27-73
category#android.intent.category.HOME
ADDED from src/main/AndroidManifest.xml:14:17-73
	android:name
		ADDED from src/main/AndroidManifest.xml:14:27-70
receiver#org.cordova.plugin.labs.kiosk.MyPackageReplacedEventReceiver
ADDED from src/main/AndroidManifest.xml:17:9-21:20
	android:name
		ADDED from src/main/AndroidManifest.xml:17:19-94
intent-filter#android.intent.action.MY_PACKAGE_REPLACED
ADDED from src/main/AndroidManifest.xml:18:13-20:29
action#android.intent.action.MY_PACKAGE_REPLACED
ADDED from src/main/AndroidManifest.xml:19:17-84
	android:name
		ADDED from src/main/AndroidManifest.xml:19:25-81
uses-sdk
ADDED from src/main/AndroidManifest.xml:23:5-74
INJECTED from src/main/AndroidManifest.xml:23:5-74
MERGED from [:CordovaLib] AndroidManifest.xml:25:5-44
MERGED from [:CordovaLib] AndroidManifest.xml:25:5-44
INJECTED from src/main/AndroidManifest.xml:23:5-74
	android:targetSdkVersion
		ADDED from src/main/AndroidManifest.xml:23:42-71
	android:minSdkVersion
		ADDED from src/main/AndroidManifest.xml:23:15-41
		INJECTED from src/main/AndroidManifest.xml
		INJECTED from src/main/AndroidManifest.xml
uses-permission#android.permission.CALL_PHONE
ADDED from src/main/AndroidManifest.xml:24:5-69
	android:name
		ADDED from src/main/AndroidManifest.xml:24:22-66
uses-permission#android.permission.ACCESS_COARSE_LOCATION
ADDED from src/main/AndroidManifest.xml:25:5-81
	android:name
		ADDED from src/main/AndroidManifest.xml:25:22-78
uses-permission#android.permission.ACCESS_FINE_LOCATION
ADDED from src/main/AndroidManifest.xml:26:5-79
	android:name
		ADDED from src/main/AndroidManifest.xml:26:22-76
uses-feature#android.hardware.location.gps
ADDED from src/main/AndroidManifest.xml:27:5-66
	android:name
		ADDED from src/main/AndroidManifest.xml:27:19-63
uses-feature#android.hardware.telephony
ADDED from src/main/AndroidManifest.xml:28:5-88
	android:required
		ADDED from src/main/AndroidManifest.xml:28:61-85
	android:name
		ADDED from src/main/AndroidManifest.xml:28:19-60
uses-permission#android.permission.SEND_SMS
ADDED from src/main/AndroidManifest.xml:29:5-67
	android:name
		ADDED from src/main/AndroidManifest.xml:29:22-64
uses-permission#android.permission.REORDER_TASKS
ADDED from src/main/AndroidManifest.xml:30:5-72
	android:name
		ADDED from src/main/AndroidManifest.xml:30:22-69